"../../../Engine/Content/EditorResources/S_Actor.ubulk" 0
"../../../Engine/Content/EditorResources/S_Actor.uasset" 1
"../../../Engine/Content/EditorResources/S_Actor.uexp" 2
"../../../Engine/Content/EditorResources/S_BoxReflectionCapture.uasset" 3
"../../../Engine/Content/EditorResources/S_BoxReflectionCapture.uexp" 4
"../../../Engine/Content/EngineResources/DefaultTexture.ubulk" 5
"../../../Engine/Content/EngineResources/DefaultTexture.uasset" 6
"../../../Engine/Content/EngineResources/DefaultTexture.uexp" 7
"../../../Engine/Content/EngineResources/DefaultTextureCube.uasset" 8
"../../../Engine/Content/EngineResources/DefaultTextureCube.uexp" 9
"../../../Engine/Content/EngineResources/DefaultVolumeTexture2D.uasset" 10
"../../../Engine/Content/EngineResources/DefaultVolumeTexture2D.uexp" 11
"../../../Engine/Content/EngineResources/DefaultVolumeTexture.uasset" 12
"../../../Engine/Content/EngineResources/DefaultVolumeTexture.uexp" 13
"../../../Engine/Content/EditorResources/S_Trigger.ubulk" 14
"../../../Engine/Content/EditorResources/S_Trigger.uasset" 15
"../../../Engine/Content/EditorResources/S_Trigger.uexp" 16
"../../../Engine/Content/EditorResources/S_TriggerBox.uasset" 17
"../../../Engine/Content/EditorResources/S_TriggerBox.uexp" 18
"../../../Engine/Content/EditorResources/S_TriggerCapsule.uasset" 19
"../../../Engine/Content/EditorResources/S_TriggerCapsule.uexp" 20
"../../../Engine/Content/EditorResources/S_TriggerSphere.uasset" 21
"../../../Engine/Content/EditorResources/S_TriggerSphere.uexp" 22
"../../../Engine/Content/EngineMeshes/Sphere.ubulk" 23
"../../../Engine/Content/EngineMeshes/Sphere.uasset" 24
"../../../Engine/Content/EngineMeshes/Sphere.uexp" 25
"../../../Engine/Content/EngineResources/GradientTexture0.uasset" 26
"../../../Engine/Content/EngineResources/GradientTexture0.uexp" 27
"../../../Engine/Content/EngineResources/Black.uasset" 28
"../../../Engine/Content/EngineResources/Black.uexp" 29
"../../../Engine/Content/VREditor/LaserPointer/VR_LaserPower_01.ubulk" 30
"../../../Engine/Content/VREditor/LaserPointer/VR_LaserPower_01.uasset" 31
"../../../Engine/Content/VREditor/LaserPointer/VR_LaserPower_01.uexp" 32
"../../../Engine/Content/VREditor/TransformGizmo/TransformGizmoMaterial.uasset" 33
"../../../Engine/Content/VREditor/TransformGizmo/TransformGizmoMaterial.uexp" 34
"../../../Engine/Content/VREditor/TransformGizmo/TranslucentTransformGizmoMaterial.uasset" 35
"../../../Engine/Content/VREditor/TransformGizmo/TranslucentTransformGizmoMaterial.uexp" 36
"../../../Engine/Content/VREditor/TransformGizmo/PlaneTranslationHandle.ubulk" 37
"../../../Engine/Content/VREditor/TransformGizmo/PlaneTranslationHandle.uasset" 38
"../../../Engine/Content/VREditor/TransformGizmo/PlaneTranslationHandle.uexp" 39
"../../../Engine/Content/VREditor/TransformGizmo/BoundingBoxCorner.ubulk" 40
"../../../Engine/Content/VREditor/TransformGizmo/BoundingBoxCorner.uasset" 41
"../../../Engine/Content/VREditor/TransformGizmo/BoundingBoxCorner.uexp" 42
"../../../Engine/Content/VREditor/TransformGizmo/BoundingBoxEdge.ubulk" 43
"../../../Engine/Content/VREditor/TransformGizmo/BoundingBoxEdge.uasset" 44
"../../../Engine/Content/VREditor/TransformGizmo/BoundingBoxEdge.uexp" 45
"../../../Engine/Content/VREditor/TransformGizmo/Main.uasset" 46
"../../../Engine/Content/VREditor/TransformGizmo/Main.uexp" 47
"../../../Engine/Content/VREditor/TransformGizmo/Xray.uasset" 48
"../../../Engine/Content/VREditor/TransformGizmo/Xray.uexp" 49
"../../../Engine/Content/VREditor/TransformGizmo/SM_Sequencer_Node.ubulk" 50
"../../../Engine/Content/VREditor/TransformGizmo/SM_Sequencer_Node.uasset" 51
"../../../Engine/Content/VREditor/TransformGizmo/SM_Sequencer_Node.uexp" 52
"../../../Engine/Content/EditorMaterials/Camera/CineMat.uasset" 53
"../../../Engine/Content/EditorMaterials/Camera/CineMat.uexp" 54
"../../../Engine/Content/EditorMaterials/Camera/MI_CineMat_Rig.uasset" 55
"../../../Engine/Content/EditorMaterials/Camera/MI_CineMat_Rig.uexp" 56
"../../../Engine/Content/EditorMeshes/Camera/SM_CraneRig_Base.ubulk" 57
"../../../Engine/Content/EditorMeshes/Camera/SM_CraneRig_Base.uasset" 58
"../../../Engine/Content/EditorMeshes/Camera/SM_CraneRig_Base.uexp" 59
"../../../Engine/Content/EditorMeshes/Camera/SM_CraneRig_Arm.ubulk" 60
"../../../Engine/Content/EditorMeshes/Camera/SM_CraneRig_Arm.uasset" 61
"../../../Engine/Content/EditorMeshes/Camera/SM_CraneRig_Arm.uexp" 62
"../../../Engine/Content/EditorMeshes/Camera/SM_CraneRig_Mount.ubulk" 63
"../../../Engine/Content/EditorMeshes/Camera/SM_CraneRig_Mount.uasset" 64
"../../../Engine/Content/EditorMeshes/Camera/SM_CraneRig_Mount.uexp" 65
"../../../Engine/Content/EditorMeshes/Camera/SM_CraneRig_Body.ubulk" 66
"../../../Engine/Content/EditorMeshes/Camera/SM_CraneRig_Body.uasset" 67
"../../../Engine/Content/EditorMeshes/Camera/SM_CraneRig_Body.uexp" 68
"../../../Engine/Content/EditorMeshes/Camera/SM_RailRig_Track.ubulk" 69
"../../../Engine/Content/EditorMeshes/Camera/SM_RailRig_Track.uasset" 70
"../../../Engine/Content/EditorMeshes/Camera/SM_RailRig_Track.uexp" 71
"../../../Engine/Content/EditorMeshes/Camera/SM_RailRig_Mount.ubulk" 72
"../../../Engine/Content/EditorMeshes/Camera/SM_RailRig_Mount.uasset" 73
"../../../Engine/Content/EditorMeshes/Camera/SM_RailRig_Mount.uexp" 74
"../../../Engine/Content/EngineMaterials/T_Default_Material_Grid_M.ubulk" 75
"../../../Engine/Content/EngineMaterials/T_Default_Material_Grid_M.uasset" 76
"../../../Engine/Content/EngineMaterials/T_Default_Material_Grid_M.uexp" 77
"../../../Engine/Content/EngineMaterials/T_Default_Material_Grid_N.ubulk" 78
"../../../Engine/Content/EngineMaterials/T_Default_Material_Grid_N.uasset" 79
"../../../Engine/Content/EngineMaterials/T_Default_Material_Grid_N.uexp" 80
"../../../Engine/Content/Functions/Engine_MaterialFunctions01/Opacity/CameraDepthFade.uasset" 81
"../../../Engine/Content/Functions/Engine_MaterialFunctions01/Opacity/CameraDepthFade.uexp" 82
"../../../Engine/Content/EngineMaterials/WorldGridMaterial.uasset" 83
"../../../Engine/Content/EngineMaterials/WorldGridMaterial.uexp" 84
"../../../Engine/Content/ArtTools/RenderToTexture/Meshes/S_1_Unit_Plane.ubulk" 85
"../../../Engine/Content/ArtTools/RenderToTexture/Meshes/S_1_Unit_Plane.uasset" 86
"../../../Engine/Content/ArtTools/RenderToTexture/Meshes/S_1_Unit_Plane.uexp" 87
"../../../Engine/Content/EditorMaterials/ParticleSystems/PSysThumbnail_NoImage.ubulk" 88
"../../../Engine/Content/EditorMaterials/ParticleSystems/PSysThumbnail_NoImage.uasset" 89
"../../../Engine/Content/EditorMaterials/ParticleSystems/PSysThumbnail_NoImage.uexp" 90
"../../../Engine/Content/EditorMaterials/ParticleSystems/PSysThumbnail_OOD.ubulk" 91
"../../../Engine/Content/EditorMaterials/ParticleSystems/PSysThumbnail_OOD.uasset" 92
"../../../Engine/Content/EditorMaterials/ParticleSystems/PSysThumbnail_OOD.uexp" 93
"../../../Engine/Content/EditorLandscapeResources/SplineEditorMeshMat.uasset" 94
"../../../Engine/Content/EditorLandscapeResources/SplineEditorMeshMat.uexp" 95
"../../../Engine/Content/EditorLandscapeResources/SplineEditorMesh.ubulk" 96
"../../../Engine/Content/EditorLandscapeResources/SplineEditorMesh.uasset" 97
"../../../Engine/Content/EditorLandscapeResources/SplineEditorMesh.uexp" 98
"../../../Engine/Content/EditorResources/S_Solver.ubulk" 99
"../../../Engine/Content/EditorResources/S_Solver.uasset" 100
"../../../Engine/Content/EditorResources/S_Solver.uexp" 101
"../../../Engine/Content/EditorMeshes/EditorSphere.ubulk" 102
"../../../Engine/Content/EditorMeshes/EditorSphere.uasset" 103
"../../../Engine/Content/EditorMeshes/EditorSphere.uexp" 104
"../../../Engine/Plugins/Media/MediaPlate/Content/SM_MediaPlateScreen.ubulk" 105
"../../../Engine/Plugins/Media/MediaPlate/Content/SM_MediaPlateScreen.uasset" 106
"../../../Engine/Plugins/Media/MediaPlate/Content/SM_MediaPlateScreen.uexp" 107
"../../../Engine/Content/EngineMaterials/Good64x64TilingNoiseHighFreq.uasset" 108
"../../../Engine/Content/EngineMaterials/Good64x64TilingNoiseHighFreq.uexp" 109
"../../../Engine/Content/EngineMaterials/DefaultBokeh.uasset" 110
"../../../Engine/Content/EngineMaterials/DefaultBokeh.uexp" 111
"../../../Engine/Content/EngineMaterials/PreintegratedSkinBRDF.uasset" 112
"../../../Engine/Content/EngineMaterials/PreintegratedSkinBRDF.uexp" 113
"../../../Engine/Content/EngineMaterials/MiniFont.uasset" 114
"../../../Engine/Content/EngineMaterials/MiniFont.uexp" 115
"../../../Engine/Content/EngineMaterials/WeightMapPlaceholderTexture.uasset" 116
"../../../Engine/Content/EngineMaterials/WeightMapPlaceholderTexture.uexp" 117
"../../../Engine/Content/EngineMaterials/DefaultWhiteGrid.ubulk" 118
"../../../Engine/Content/EngineMaterials/DefaultWhiteGrid.uasset" 119
"../../../Engine/Content/EngineMaterials/DefaultWhiteGrid.uexp" 120
"C:/Users/Assistant/Documents/GitHub/PhuketBike_UE/PhuketBike/Content/PhuketBikeContent/PB_Gamemode.uasset" 121
"C:/Users/Assistant/Documents/GitHub/PhuketBike_UE/PhuketBike/Content/PhuketBikeContent/PB_Gamemode.uexp" 122
"C:/Users/Assistant/Documents/GitHub/PhuketBike_UE/PhuketBike/Content/StarterContent/Audio/Starter_Wind06.ubulk" 123
"C:/Users/Assistant/Documents/GitHub/PhuketBike_UE/PhuketBike/Content/StarterContent/Audio/Starter_Wind06.uasset" 124
"C:/Users/Assistant/Documents/GitHub/PhuketBike_UE/PhuketBike/Content/StarterContent/Audio/Starter_Wind06.uexp" 125
"C:/Users/Assistant/Documents/GitHub/PhuketBike_UE/PhuketBike/Content/StarterContent/Audio/Starter_Wind05.ubulk" 126
"C:/Users/Assistant/Documents/GitHub/PhuketBike_UE/PhuketBike/Content/StarterContent/Audio/Starter_Wind05.uasset" 127
"C:/Users/Assistant/Documents/GitHub/PhuketBike_UE/PhuketBike/Content/StarterContent/Audio/Starter_Wind05.uexp" 128
"C:/Users/Assistant/Documents/GitHub/PhuketBike_UE/PhuketBike/Content/StarterContent/Audio/Starter_Birds01.ubulk" 129
"C:/Users/Assistant/Documents/GitHub/PhuketBike_UE/PhuketBike/Content/StarterContent/Audio/Starter_Birds01.uasset" 130
"C:/Users/Assistant/Documents/GitHub/PhuketBike_UE/PhuketBike/Content/StarterContent/Audio/Starter_Birds01.uexp" 131
"../../../Engine/Content/Animation/DefaultRecorderBoneCompression.uasset" 132
"../../../Engine/Content/Animation/DefaultRecorderBoneCompression.uexp" 133
"../../../Engine/Content/Animation/DefaultAnimCurveCompressionSettings.uasset" 134
"../../../Engine/Content/Animation/DefaultAnimCurveCompressionSettings.uexp" 135
"../../../Engine/Content/Animation/DefaultAnimBoneCompressionSettings.uasset" 136
"../../../Engine/Content/Animation/DefaultAnimBoneCompressionSettings.uexp" 137
"../../../Engine/Plugins/Interchange/Runtime/Content/Pipelines/DefaultMaterialPipeline.uasset" 138
"../../../Engine/Plugins/Interchange/Runtime/Content/Pipelines/DefaultMaterialPipeline.uexp" 139
"../../../Engine/Content/EngineMaterials/DefaultMaterial.uasset" 140
"../../../Engine/Content/EngineMaterials/DefaultMaterial.uexp" 141
"../../../Engine/Content/BasicShapes/Sphere.ubulk" 142
"../../../Engine/Content/BasicShapes/Sphere.uasset" 143
"../../../Engine/Content/BasicShapes/Sphere.uexp" 144
"../../../Engine/Content/BasicShapes/Cylinder.ubulk" 145
"../../../Engine/Content/BasicShapes/Cylinder.uasset" 146
"../../../Engine/Content/BasicShapes/Cylinder.uexp" 147
"../../../Engine/Content/BasicShapes/Cube.ubulk" 148
"../../../Engine/Content/BasicShapes/Cube.uasset" 149
"../../../Engine/Content/BasicShapes/Cube.uexp" 150
"../../../Engine/Content/BasicShapes/Cone.ubulk" 151
"../../../Engine/Content/BasicShapes/Cone.uasset" 152
"../../../Engine/Content/BasicShapes/Cone.uexp" 153
"../../../Engine/Content/EditorLandscapeResources/DefaultAlphaTexture.uasset" 154
"../../../Engine/Content/EditorLandscapeResources/DefaultAlphaTexture.uexp" 155
"../../../Engine/Content/EditorLandscapeResources/DataLayer.uasset" 156
"../../../Engine/Content/EditorLandscapeResources/DataLayer.uexp" 157
"../../../Engine/Content/EditorMaterials/PreviewShadowIndicator.ubulk" 158
"../../../Engine/Content/EditorMaterials/PreviewShadowIndicator.uasset" 159
"../../../Engine/Content/EditorMaterials/PreviewShadowIndicator.uexp" 160
"../../../Engine/Content/EditorMaterials/PreviewShadowIndicatorMaterial.uasset" 161
"../../../Engine/Content/EditorMaterials/PreviewShadowIndicatorMaterial.uexp" 162
"../../../Engine/Content/EditorMaterials/PhAT_UnselectedMaterial.uasset" 163
"../../../Engine/Content/EditorMaterials/PhAT_UnselectedMaterial.uexp" 164
"../../../Engine/Content/EditorMaterials/PhAT_NoCollisionMaterial.uasset" 165
"../../../Engine/Content/EditorMaterials/PhAT_NoCollisionMaterial.uexp" 166
"../../../Engine/Content/Functions/Engine_MaterialFunctions02/Utility/MakeFloat4.uasset" 167
"../../../Engine/Content/Functions/Engine_MaterialFunctions02/Utility/MakeFloat4.uexp" 168
"../../../Engine/Content/Functions/Engine_MaterialFunctions02/Utility/MakeFloat3.uasset" 169
"../../../Engine/Content/Functions/Engine_MaterialFunctions02/Utility/MakeFloat3.uexp" 170
"../../../Engine/Content/Functions/Engine_MaterialFunctions02/Utility/BreakOutFloat3Components.uasset" 171
"../../../Engine/Content/Functions/Engine_MaterialFunctions02/Utility/BreakOutFloat3Components.uexp" 172
"../../../Engine/Content/EditorMaterials/WorldPartition/WorldPartitionSpatialHashGridPreviewMaterial.uasset" 173
"../../../Engine/Content/EditorMaterials/WorldPartition/WorldPartitionSpatialHashGridPreviewMaterial.uexp" 174
"../../../Engine/Plugins/Interchange/Runtime/Content/Pipelines/DefaultAssetsPipeline.uasset" 175
"../../../Engine/Plugins/Interchange/Runtime/Content/Pipelines/DefaultAssetsPipeline.uexp" 176
"../../../Engine/Content/EditorResources/S_Terrain.ubulk" 177
"../../../Engine/Content/EditorResources/S_Terrain.uasset" 178
"../../../Engine/Content/EditorResources/S_Terrain.uexp" 179
"../../../Engine/Content/EditorResources/EmptyActor.uasset" 180
"../../../Engine/Content/EditorResources/EmptyActor.uexp" 181
"../../../Engine/Content/EditorResources/BSPVertex.uasset" 182
"../../../Engine/Content/EditorResources/BSPVertex.uexp" 183
"../../../Engine/Content/EditorResources/AudioIcons/S_AudioComponent_AutoActivate.uasset" 184
"../../../Engine/Content/EditorResources/AudioIcons/S_AudioComponent_AutoActivate.uexp" 185
"../../../Engine/Content/EditorResources/LightIcons/S_LightError.uasset" 186
"../../../Engine/Content/EditorResources/LightIcons/S_LightError.uexp" 187
"../../../Engine/Content/EditorResources/SequenceRecorder/RecordingIndicator.uasset" 188
"../../../Engine/Content/EditorResources/SequenceRecorder/RecordingIndicator.uexp" 189
"../../../Engine/Content/EditorResources/SequenceRecorder/Countdown.uasset" 190
"../../../Engine/Content/EditorResources/SequenceRecorder/Countdown.uexp" 191
"../../../Engine/Content/EngineDamageTypes/DmgTypeBP_Environmental.uasset" 192
"../../../Engine/Content/EngineDamageTypes/DmgTypeBP_Environmental.uexp" 193
"../../../Engine/Content/Functions/Engine_MaterialFunctions02/Utility/CameraDirectionVector.uasset" 194
"../../../Engine/Content/Functions/Engine_MaterialFunctions02/Utility/CameraDirectionVector.uexp" 195
"../../../Engine/Content/EngineDebugMaterials/VolumeToRender.uasset" 196
"../../../Engine/Content/EngineDebugMaterials/VolumeToRender.uexp" 197
"../../../Engine/Content/EngineDebugMaterials/M_VolumeRenderSphereTracePP.uasset" 198
"../../../Engine/Content/EngineDebugMaterials/M_VolumeRenderSphereTracePP.uexp" 199
"../../../Engine/Content/EngineDebugMaterials/M_SimpleUnlitTranslucent.uasset" 200
"../../../Engine/Content/EngineDebugMaterials/M_SimpleUnlitTranslucent.uexp" 201
"../../../Engine/Content/EngineDebugMaterials/DebugMeshMaterial.uasset" 202
"../../../Engine/Content/EngineDebugMaterials/DebugMeshMaterial.uexp" 203
"../../../Engine/Content/EngineDebugMaterials/DebugEditorMaterial.uasset" 204
"../../../Engine/Content/EngineDebugMaterials/DebugEditorMaterial.uexp" 205
"../../../Engine/Content/EngineFonts/Faces/RobotoLight.uexp" 206
"../../../Engine/Content/EngineFonts/Faces/RobotoLight.uasset" 207
"../../../Engine/Content/EngineFonts/Faces/RobotoLight.ufont" 208
"../../../Engine/Content/EngineFonts/Faces/RobotoBold.uexp" 209
"../../../Engine/Content/EngineFonts/Faces/RobotoBold.uasset" 210
"../../../Engine/Content/EngineFonts/Faces/RobotoBold.ufont" 211
"../../../Engine/Content/EngineFonts/Faces/RobotoRegular.uexp" 212
"../../../Engine/Content/EngineFonts/Faces/RobotoRegular.uasset" 213
"../../../Engine/Content/EngineFonts/Faces/RobotoRegular.ufont" 214
"../../../Engine/Content/EngineFonts/Faces/DroidSansFallback.uexp" 215
"../../../Engine/Content/EngineFonts/Faces/DroidSansFallback.uasset" 216
"../../../Engine/Content/EngineFonts/Faces/DroidSansFallback.ufont" 217
"../../../Engine/Content/EngineFonts/Faces/RobotoItalic.uexp" 218
"../../../Engine/Content/EngineFonts/Faces/RobotoItalic.uasset" 219
"../../../Engine/Content/EngineFonts/Faces/RobotoItalic.ufont" 220
"../../../Engine/Content/EngineFonts/Faces/RobotoBoldItalic.uexp" 221
"../../../Engine/Content/EngineFonts/Faces/RobotoBoldItalic.uasset" 222
"../../../Engine/Content/EngineFonts/Faces/RobotoBoldItalic.ufont" 223
"../../../Engine/Content/EngineFonts/Roboto.uasset" 224
"../../../Engine/Content/EngineFonts/Roboto.uexp" 225
"../../../Engine/Content/EngineResources/WhiteSquareTexture.uasset" 226
"../../../Engine/Content/EngineResources/WhiteSquareTexture.uexp" 227
"../../../Engine/Content/EngineMaterials/Widget3DPassThrough.uasset" 228
"../../../Engine/Content/EngineMaterials/Widget3DPassThrough.uexp" 229
"../../../Engine/Content/EngineMaterials/Widget3DPassThrough_Translucent.uasset" 230
"../../../Engine/Content/EngineMaterials/Widget3DPassThrough_Translucent.uexp" 231
"../../../Engine/Content/EngineMaterials/Widget3DPassThrough_Translucent_OneSided.uasset" 232
"../../../Engine/Content/EngineMaterials/Widget3DPassThrough_Translucent_OneSided.uexp" 233
"../../../Engine/Content/EngineMaterials/Widget3DPassThrough_Opaque.uasset" 234
"../../../Engine/Content/EngineMaterials/Widget3DPassThrough_Opaque.uexp" 235
"../../../Engine/Content/EngineMaterials/Widget3DPassThrough_Opaque_OneSided.uasset" 236
"../../../Engine/Content/EngineMaterials/Widget3DPassThrough_Opaque_OneSided.uexp" 237
"../../../Engine/Content/EngineMaterials/Widget3DPassThrough_Masked_OneSided.uasset" 238
"../../../Engine/Content/EngineMaterials/Widget3DPassThrough_Masked_OneSided.uexp" 239
"../../../Engine/Content/EngineMaterials/Widget3DPassThrough_Masked.uasset" 240
"../../../Engine/Content/EngineMaterials/Widget3DPassThrough_Masked.uexp" 241
"../../../Engine/Plugins/Runtime/MeshModelingToolset/Content/Materials/M_DynamicMeshComponentVtxColor.uasset" 242
"../../../Engine/Plugins/Runtime/MeshModelingToolset/Content/Materials/M_DynamicMeshComponentVtxColor.uexp" 243
"../../../Engine/Content/EngineMaterials/STBlueNoise_vec2_128x128x64.uasset" 244
"../../../Engine/Content/EngineMaterials/STBlueNoise_vec2_128x128x64.uexp" 245
"../../../Engine/Content/EngineMaterials/STBlueNoise_scalar_128x128x64.uasset" 246
"../../../Engine/Content/EngineMaterials/STBlueNoise_scalar_128x128x64.uexp" 247
"../../../Engine/Content/EngineMaterials/RemoveSurfaceMaterial.uasset" 248
"../../../Engine/Content/EngineMaterials/RemoveSurfaceMaterial.uexp" 249
"../../../Engine/Plugins/Interchange/Runtime/Content/gltf/Textures/T_Gray_Linear.uasset" 250
"../../../Engine/Plugins/Interchange/Runtime/Content/gltf/Textures/T_Gray_Linear.uexp" 251
"../../../Engine/Content/EngineMaterials/DefaultCalibrationGrayscale.uasset" 252
"../../../Engine/Content/EngineMaterials/DefaultCalibrationGrayscale.uexp" 253
"../../../Engine/Content/EngineMaterials/PPM_DefaultCalibrationGrayscale.uasset" 254
"../../../Engine/Content/EngineMaterials/PPM_DefaultCalibrationGrayscale.uexp" 255
"../../../Engine/Content/EngineMaterials/DefaultCalibrationColor.uasset" 256
"../../../Engine/Content/EngineMaterials/DefaultCalibrationColor.uexp" 257
"../../../Engine/Content/EngineMaterials/PPM_DefaultCalibrationColor.uasset" 258
"../../../Engine/Content/EngineMaterials/PPM_DefaultCalibrationColor.uexp" 259
"../../../Engine/Content/Functions/Engine_MaterialFunctions02/WorldPositionOffset/CameraOffset.uasset" 260
"../../../Engine/Content/Functions/Engine_MaterialFunctions02/WorldPositionOffset/CameraOffset.uexp" 261
"../../../Engine/Content/EngineMaterials/PhAT_JointLimitMaterial.uasset" 262
"../../../Engine/Content/EngineMaterials/PhAT_JointLimitMaterial.uexp" 263
"../../../Engine/Content/EngineMaterials/InvalidLightmapSettings.ubulk" 264
"../../../Engine/Content/EngineMaterials/InvalidLightmapSettings.uasset" 265
"../../../Engine/Content/EngineMaterials/InvalidLightmapSettings.uexp" 266
"../../../Engine/Content/EngineMaterials/M_InvalidLightmapSettings.uasset" 267
"../../../Engine/Content/EngineMaterials/M_InvalidLightmapSettings.uexp" 268
"../../../Engine/Plugins/Interchange/Runtime/Content/gltf/Textures/T_Black_srgb.uasset" 269
"../../../Engine/Plugins/Interchange/Runtime/Content/gltf/Textures/T_Black_srgb.uexp" 270
"../../../Engine/Content/EngineMaterials/GizmoMaterial.uasset" 271
"../../../Engine/Content/EngineMaterials/GizmoMaterial.uexp" 272
"../../../Engine/Content/EngineMaterials/BaseFlattenEmissiveMap_VT.uasset" 273
"../../../Engine/Content/EngineMaterials/BaseFlattenEmissiveMap_VT.uexp" 274
"../../../Engine/Content/EngineMaterials/BaseFlattenGrayscaleMap_VT.uasset" 275
"../../../Engine/Content/EngineMaterials/BaseFlattenGrayscaleMap_VT.uexp" 276
"../../../Engine/Content/EngineMaterials/BaseFlattenLinearColor_VT.uasset" 277
"../../../Engine/Content/EngineMaterials/BaseFlattenLinearColor_VT.uexp" 278
"../../../Engine/Content/EngineMaterials/Black_1x1_EXR_Texture_VT.uasset" 279
"../../../Engine/Content/EngineMaterials/Black_1x1_EXR_Texture_VT.uexp" 280
"../../../Engine/Content/EngineMaterials/BaseFlattenDiffuseMap_VT.uasset" 281
"../../../Engine/Content/EngineMaterials/BaseFlattenDiffuseMap_VT.uexp" 282
"../../../Engine/Content/EngineMaterials/BaseFlattenNormalMap_VT.uasset" 283
"../../../Engine/Content/EngineMaterials/BaseFlattenNormalMap_VT.uexp" 284
"../../../Engine/Content/EngineMaterials/FlattenMaterial_WS_Normal_VT.uasset" 285
"../../../Engine/Content/EngineMaterials/FlattenMaterial_WS_Normal_VT.uexp" 286
"../../../Engine/Content/EngineMaterials/FlattenMaterial_VT.uasset" 287
"../../../Engine/Content/EngineMaterials/FlattenMaterial_VT.uexp" 288
"../../../Engine/Content/EngineMaterials/BaseFlattenNormalMap.uasset" 289
"../../../Engine/Content/EngineMaterials/BaseFlattenNormalMap.uexp" 290
"../../../Engine/Content/EngineMaterials/BaseFlattenGrayscaleMap.uasset" 291
"../../../Engine/Content/EngineMaterials/BaseFlattenGrayscaleMap.uexp" 292
"../../../Engine/Content/EngineMaterials/BaseFlattenDiffuseMap.uasset" 293
"../../../Engine/Content/EngineMaterials/BaseFlattenDiffuseMap.uexp" 294
"../../../Engine/Content/Functions/Engine_MaterialFunctions02/PivotPainter2/Black_1x1_EXR_Texture.uasset" 295
"../../../Engine/Content/Functions/Engine_MaterialFunctions02/PivotPainter2/Black_1x1_EXR_Texture.uexp" 296
"../../../Engine/Content/EngineMaterials/BaseFlattenEmissiveMap.uasset" 297
"../../../Engine/Content/EngineMaterials/BaseFlattenEmissiveMap.uexp" 298
"../../../Engine/Content/EngineMaterials/BaseFlattenLinearColor.uasset" 299
"../../../Engine/Content/EngineMaterials/BaseFlattenLinearColor.uexp" 300
"../../../Engine/Content/EngineMaterials/FlattenMaterial.uasset" 301
"../../../Engine/Content/EngineMaterials/FlattenMaterial.uexp" 302
"../../../Engine/Content/EngineMaterials/DefaultWhiteGrid_Low.uasset" 303
"../../../Engine/Content/EngineMaterials/DefaultWhiteGrid_Low.uexp" 304
"../../../Engine/Content/EngineMaterials/EmissiveMeshMaterial.uasset" 305
"../../../Engine/Content/EngineMaterials/EmissiveMeshMaterial.uexp" 306
"../../../Engine/Plugins/Interchange/Runtime/Content/Materials/MapOrLinearColorFunction.uasset" 307
"../../../Engine/Plugins/Interchange/Runtime/Content/Materials/MapOrLinearColorFunction.uexp" 308
"../../../Engine/Content/EngineMaterials/DefaultNormal.ubulk" 309
"../../../Engine/Content/EngineMaterials/DefaultNormal.uasset" 310
"../../../Engine/Content/EngineMaterials/DefaultNormal.uexp" 311
"../../../Engine/Plugins/Interchange/Runtime/Content/Materials/MapOrScalarFunction.uasset" 312
"../../../Engine/Plugins/Interchange/Runtime/Content/Materials/MapOrScalarFunction.uexp" 313
"../../../Engine/Plugins/Interchange/Runtime/Content/Materials/MapOrColorFunction.uasset" 314
"../../../Engine/Plugins/Interchange/Runtime/Content/Materials/MapOrColorFunction.uexp" 315
"../../../Engine/Plugins/Interchange/Runtime/Content/Materials/CommonMaterial.uasset" 316
"../../../Engine/Plugins/Interchange/Runtime/Content/Materials/CommonMaterial.uexp" 317
"../../../Engine/Plugins/Interchange/Runtime/Content/Materials/PBRSurfaceFunction.uasset" 318
"../../../Engine/Plugins/Interchange/Runtime/Content/Materials/PBRSurfaceFunction.uexp" 319
"../../../Engine/Plugins/Interchange/Runtime/Content/Materials/ClearCoatMaterial.uasset" 320
"../../../Engine/Plugins/Interchange/Runtime/Content/Materials/ClearCoatMaterial.uexp" 321
"../../../Engine/Plugins/Interchange/Runtime/Content/gltf/MaterialFunctions/MF_RotateV2.uasset" 322
"../../../Engine/Plugins/Interchange/Runtime/Content/gltf/MaterialFunctions/MF_RotateV2.uexp" 323
"../../../Engine/Plugins/Interchange/Runtime/Content/gltf/MaterialFunctions/MF_TransformUVs.uasset" 324
"../../../Engine/Plugins/Interchange/Runtime/Content/gltf/MaterialFunctions/MF_TransformUVs.uexp" 325
"../../../Engine/Plugins/Interchange/Runtime/Content/gltf/Textures/T_White_srgb.uasset" 326
"../../../Engine/Plugins/Interchange/Runtime/Content/gltf/Textures/T_White_srgb.uexp" 327
"../../../Engine/Plugins/Interchange/Runtime/Content/gltf/MaterialFunctions/MF_BaseColor.uasset" 328
"../../../Engine/Plugins/Interchange/Runtime/Content/gltf/MaterialFunctions/MF_BaseColor.uexp" 329
"../../../Engine/Plugins/Interchange/Runtime/Content/gltf/MaterialFunctions/MF_DiffuseSpecGloss.uasset" 330
"../../../Engine/Plugins/Interchange/Runtime/Content/gltf/MaterialFunctions/MF_DiffuseSpecGloss.uexp" 331
"../../../Engine/Plugins/Interchange/Runtime/Content/gltf/Textures/T_White_Linear.uasset" 332
"../../../Engine/Plugins/Interchange/Runtime/Content/gltf/Textures/T_White_Linear.uexp" 333
"../../../Engine/Plugins/Interchange/Runtime/Content/gltf/MaterialFunctions/MF_MetallicRoughness.uasset" 334
"../../../Engine/Plugins/Interchange/Runtime/Content/gltf/MaterialFunctions/MF_MetallicRoughness.uexp" 335
"../../../Engine/Content/Functions/Engine_MaterialFunctions02/Math/Transform3x3Matrix.uasset" 336
"../../../Engine/Content/Functions/Engine_MaterialFunctions02/Math/Transform3x3Matrix.uexp" 337
"../../../Engine/Plugins/Interchange/Runtime/Content/gltf/MaterialFunctions/MF_RotateNormals_TS.uasset" 338
"../../../Engine/Plugins/Interchange/Runtime/Content/gltf/MaterialFunctions/MF_RotateNormals_TS.uexp" 339
"../../../Engine/Plugins/Interchange/Runtime/Content/gltf/Textures/T_Generic_N.uasset" 340
"../../../Engine/Plugins/Interchange/Runtime/Content/gltf/Textures/T_Generic_N.uexp" 341
"../../../Engine/Plugins/Interchange/Runtime/Content/gltf/MaterialFunctions/MF_Clearcoat.uasset" 342
"../../../Engine/Plugins/Interchange/Runtime/Content/gltf/MaterialFunctions/MF_Clearcoat.uexp" 343
"../../../Engine/Plugins/Interchange/Runtime/Content/gltf/MaterialFunctions/MF_Occlusion.uasset" 344
"../../../Engine/Plugins/Interchange/Runtime/Content/gltf/MaterialFunctions/MF_Occlusion.uexp" 345
"../../../Engine/Plugins/Interchange/Runtime/Content/gltf/MaterialFunctions/MF_Emissive.uasset" 346
"../../../Engine/Plugins/Interchange/Runtime/Content/gltf/MaterialFunctions/MF_Emissive.uexp" 347
"../../../Engine/Plugins/Interchange/Runtime/Content/gltf/MaterialFunctions/MF_Specular.uasset" 348
"../../../Engine/Plugins/Interchange/Runtime/Content/gltf/MaterialFunctions/MF_Specular.uexp" 349
"../../../Engine/Plugins/Interchange/Runtime/Content/gltf/MaterialFunctions/MF_IOR.uasset" 350
"../../../Engine/Plugins/Interchange/Runtime/Content/gltf/MaterialFunctions/MF_IOR.uexp" 351
"../../../Engine/Content/Functions/Engine_MaterialFunctions01/Texturing/FlattenNormal.uasset" 352
"../../../Engine/Content/Functions/Engine_MaterialFunctions01/Texturing/FlattenNormal.uexp" 353
"../../../Engine/Plugins/Interchange/Runtime/Content/gltf/MaterialFunctions/MF_Normals.uasset" 354
"../../../Engine/Plugins/Interchange/Runtime/Content/gltf/MaterialFunctions/MF_Normals.uexp" 355
"../../../Engine/Content/Functions/Engine_MaterialFunctions02/Math/AddComponents.uasset" 356
"../../../Engine/Content/Functions/Engine_MaterialFunctions02/Math/AddComponents.uexp" 357
"../../../Engine/Plugins/Interchange/Runtime/Content/gltf/MaterialFunctions/MF_PerceivedBrightness.uasset" 358
"../../../Engine/Plugins/Interchange/Runtime/Content/gltf/MaterialFunctions/MF_PerceivedBrightness.uexp" 359
"../../../Engine/Plugins/Interchange/Runtime/Content/gltf/MaterialFunctions/MF_SpecGlossToMetalRoughness.uasset" 360
"../../../Engine/Plugins/Interchange/Runtime/Content/gltf/MaterialFunctions/MF_SpecGlossToMetalRoughness.uexp" 361
"../../../Engine/Plugins/Interchange/Runtime/Content/gltf/M_Opaque.uasset" 362
"../../../Engine/Plugins/Interchange/Runtime/Content/gltf/M_Opaque.uexp" 363
"../../../Engine/Plugins/Interchange/Runtime/Content/gltf/MaterialInstances_SG/MI_Opaque.uasset" 364
"../../../Engine/Plugins/Interchange/Runtime/Content/gltf/MaterialInstances_SG/MI_Opaque.uexp" 365
"../../../Engine/Content/EngineFonts/RobotoDistanceField.uasset" 366
"../../../Engine/Content/EngineFonts/RobotoDistanceField.uexp" 367
"../../../Engine/Content/EngineMaterials/DefaultTextMaterialOpaque.uasset" 368
"../../../Engine/Content/EngineMaterials/DefaultTextMaterialOpaque.uexp" 369
"../../../Engine/Content/EngineMaterials/DefaultDiffuse.ubulk" 370
"../../../Engine/Content/EngineMaterials/DefaultDiffuse.uasset" 371
"../../../Engine/Content/EngineMaterials/DefaultDiffuse.uexp" 372
"../../../Engine/Content/Functions/Engine_MaterialFunctions02/Utility/BreakOutFloat2Components.uasset" 373
"../../../Engine/Content/Functions/Engine_MaterialFunctions02/Utility/BreakOutFloat2Components.uexp" 374
"../../../Engine/Content/EngineMaterials/DefaultPostProcessMaterial.uasset" 375
"../../../Engine/Content/EngineMaterials/DefaultPostProcessMaterial.uexp" 376
"../../../Engine/Content/EngineMaterials/DefaultPhysicalMaterial.uasset" 377
"../../../Engine/Content/EngineMaterials/DefaultPhysicalMaterial.uexp" 378
"../../../Engine/Content/EngineMaterials/DefaultLightFunctionMaterial.uasset" 379
"../../../Engine/Content/EngineMaterials/DefaultLightFunctionMaterial.uexp" 380
"../../../Engine/Content/EngineMaterials/DefaultDestructiblePhysicalMaterial.uasset" 381
"../../../Engine/Content/EngineMaterials/DefaultDestructiblePhysicalMaterial.uexp" 382
"../../../Engine/Content/EngineMaterials/DefaultDeferredDecalMaterial.uasset" 383
"../../../Engine/Content/EngineMaterials/DefaultDeferredDecalMaterial.uexp" 384
"../../../Engine/Content/EngineMaterials/DefaultBloomKernel.uasset" 385
"../../../Engine/Content/EngineMaterials/DefaultBloomKernel.uexp" 386
"../../../Engine/Plugins/Interchange/Runtime/Content/Materials/UnlitMaterial.uasset" 387
"../../../Engine/Plugins/Interchange/Runtime/Content/Materials/UnlitMaterial.uexp" 388
"../../../Engine/Plugins/Interchange/Runtime/Content/Materials/ThinTranslucentMaterial.uasset" 389
"../../../Engine/Plugins/Interchange/Runtime/Content/Materials/ThinTranslucentMaterial.uexp" 390
"../../../Engine/Content/EngineMaterials/FlatNormal.uasset" 391
"../../../Engine/Content/EngineMaterials/FlatNormal.uexp" 392
"../../../Engine/Plugins/Interchange/Runtime/Content/Functions/MF_OrenNayerView.uasset" 393
"../../../Engine/Plugins/Interchange/Runtime/Content/Functions/MF_OrenNayerView.uexp" 394
"../../../Engine/Content/EditorLandscapeResources/WhiteSquareTexture.uasset" 395
"../../../Engine/Content/EditorLandscapeResources/WhiteSquareTexture.uexp" 396
"../../../Engine/Plugins/Interchange/Runtime/Content/Functions/MF_SchlickApprox.uasset" 397
"../../../Engine/Plugins/Interchange/Runtime/Content/Functions/MF_SchlickApprox.uexp" 398
"../../../Engine/Plugins/Interchange/Runtime/Content/Utilities/New_LUT.uasset" 399
"../../../Engine/Plugins/Interchange/Runtime/Content/Utilities/New_LUT.uexp" 400
"../../../Engine/Content/Functions/Engine_MaterialFunctions03/Math/RemapValueRange.uasset" 401
"../../../Engine/Content/Functions/Engine_MaterialFunctions03/Math/RemapValueRange.uexp" 402
"../../../Engine/Plugins/Interchange/Runtime/Content/Functions/MF_Iridescence.uasset" 403
"../../../Engine/Plugins/Interchange/Runtime/Content/Functions/MF_Iridescence.uexp" 404
"../../../Engine/Plugins/Interchange/Runtime/Content/Materials/OrenNayerMaterial.uasset" 405
"../../../Engine/Plugins/Interchange/Runtime/Content/Materials/OrenNayerMaterial.uexp" 406
"../../../Engine/Plugins/Interchange/Runtime/Content/Materials/SubsurfaceMaterial.uasset" 407
"../../../Engine/Plugins/Interchange/Runtime/Content/Materials/SubsurfaceMaterial.uexp" 408
"../../../Engine/Plugins/Interchange/Runtime/Content/Materials/SheenMaterial.uasset" 409
"../../../Engine/Plugins/Interchange/Runtime/Content/Materials/SheenMaterial.uexp" 410
"../../../Engine/Content/Functions/Engine_MaterialFunctions01/Shading/ConvertFromDiffSpec.uasset" 411
"../../../Engine/Content/Functions/Engine_MaterialFunctions01/Shading/ConvertFromDiffSpec.uexp" 412
"../../../Engine/Plugins/Interchange/Runtime/Content/Materials/PhongSurfaceMaterial.uasset" 413
"../../../Engine/Plugins/Interchange/Runtime/Content/Materials/PhongSurfaceMaterial.uexp" 414
"../../../Engine/Plugins/Interchange/Runtime/Content/Materials/PBRSurfaceMaterial.uasset" 415
"../../../Engine/Plugins/Interchange/Runtime/Content/Materials/PBRSurfaceMaterial.uexp" 416
"../../../Engine/Plugins/Interchange/Runtime/Content/Materials/LambertSurfaceMaterial.uasset" 417
"../../../Engine/Plugins/Interchange/Runtime/Content/Materials/LambertSurfaceMaterial.uexp" 418
"../../../Engine/Content/EngineResources/FilmGrains/Marcie_Grain_v3_128_M2_000.uasset" 419
"../../../Engine/Content/EngineResources/FilmGrains/Marcie_Grain_v3_128_M2_000.uexp" 420
"../../../Engine/Content/EngineSky/VolumetricClouds/CloudWeatherTexture.uasset" 421
"../../../Engine/Content/EngineSky/VolumetricClouds/CloudWeatherTexture.uexp" 422
"../../../Engine/Content/Functions/Engine_MaterialFunctions02/Utility/MakeFloat2.uasset" 423
"../../../Engine/Content/Functions/Engine_MaterialFunctions02/Utility/MakeFloat2.uexp" 424
"../../../Engine/Content/EngineSky/VolumetricClouds/CloudGradientTexture.uasset" 425
"../../../Engine/Content/EngineSky/VolumetricClouds/CloudGradientTexture.uexp" 426
"../../../Engine/Content/EngineSky/VolumetricClouds/T_NoiseShape64.ubulk" 427
"../../../Engine/Content/EngineSky/VolumetricClouds/T_NoiseShape64.uasset" 428
"../../../Engine/Content/EngineSky/VolumetricClouds/T_NoiseShape64.uexp" 429
"../../../Engine/Content/EngineSky/VolumetricClouds/T_VolumeNoiseShape64.uasset" 430
"../../../Engine/Content/EngineSky/VolumetricClouds/T_VolumeNoiseShape64.uexp" 431
"../../../Engine/Content/EngineSky/VolumetricClouds/T_NoiseErosion.ubulk" 432
"../../../Engine/Content/EngineSky/VolumetricClouds/T_NoiseErosion.uasset" 433
"../../../Engine/Content/EngineSky/VolumetricClouds/T_NoiseErosion.uexp" 434
"../../../Engine/Content/EngineSky/VolumetricClouds/T_VolumeNoiseErosion32.uasset" 435
"../../../Engine/Content/EngineSky/VolumetricClouds/T_VolumeNoiseErosion32.uexp" 436
"../../../Engine/Content/EngineSky/VolumetricClouds/m_SimpleVolumetricCloud.uasset" 437
"../../../Engine/Content/EngineSky/VolumetricClouds/m_SimpleVolumetricCloud.uexp" 438
"../../../Engine/Content/EngineSky/VolumetricClouds/m_SimpleVolumetricCloud_Inst.uasset" 439
"../../../Engine/Content/EngineSky/VolumetricClouds/m_SimpleVolumetricCloud_Inst.uexp" 440
"../../../Engine/Content/EngineSounds/Master.uasset" 441
"../../../Engine/Content/EngineSounds/Master.uexp" 442
"../../../Engine/Content/Functions/Engine_MaterialFunctions01/Shading/PowerToRoughness.uasset" 443
"../../../Engine/Content/Functions/Engine_MaterialFunctions01/Shading/PowerToRoughness.uexp" 444
"../../../Engine/Content/MobileResources/HUD/VirtualJoystick_Background.uasset" 445
"../../../Engine/Content/MobileResources/HUD/VirtualJoystick_Background.uexp" 446
"../../../Engine/Content/MobileResources/HUD/VirtualJoystick_Thumb.uasset" 447
"../../../Engine/Content/MobileResources/HUD/VirtualJoystick_Thumb.uexp" 448
"../../../Engine/Content/MobileResources/HUD/DefaultVirtualJoysticks.uasset" 449
"../../../Engine/Content/MobileResources/HUD/DefaultVirtualJoysticks.uexp" 450
"../../../Engine/Plugins/2D/Paper2D/Content/PlaceholderTextures/DummySpriteTexture.ubulk" 451
"../../../Engine/Plugins/2D/Paper2D/Content/PlaceholderTextures/DummySpriteTexture.uasset" 452
"../../../Engine/Plugins/2D/Paper2D/Content/PlaceholderTextures/DummySpriteTexture.uexp" 453
"../../../Engine/Plugins/2D/Paper2D/Content/DefaultSpriteMaterial.uasset" 454
"../../../Engine/Plugins/2D/Paper2D/Content/DefaultSpriteMaterial.uexp" 455
"../../../Engine/Plugins/2D/Paper2D/Content/OpaqueUnlitSpriteMaterial.uasset" 456
"../../../Engine/Plugins/2D/Paper2D/Content/OpaqueUnlitSpriteMaterial.uexp" 457
"../../../Engine/Plugins/2D/Paper2D/Content/MaskedUnlitSpriteMaterial.uasset" 458
"../../../Engine/Plugins/2D/Paper2D/Content/MaskedUnlitSpriteMaterial.uexp" 459
"../../../Engine/Plugins/2D/Paper2D/Content/DummySprite.uasset" 460
"../../../Engine/Plugins/2D/Paper2D/Content/DummySprite.uexp" 461
"../../../Engine/Plugins/2D/Paper2D/Content/DefaultPaperTerrainMaterial.uasset" 462
"../../../Engine/Plugins/2D/Paper2D/Content/DefaultPaperTerrainMaterial.uexp" 463
"../../../Engine/Plugins/Animation/ControlRig/Content/M_Manip.uasset" 464
"../../../Engine/Plugins/Animation/ControlRig/Content/M_Manip.uexp" 465
"../../../Engine/Plugins/Animation/ControlRig/Content/Controls/DefaultGizmoLibraryNormalized.uasset" 466
"../../../Engine/Plugins/Animation/ControlRig/Content/Controls/DefaultGizmoLibraryNormalized.uexp" 467
"../../../Engine/Plugins/Animation/ControlRig/Content/Controls/ControlRig_Wedge_solid.ubulk" 468
"../../../Engine/Plugins/Animation/ControlRig/Content/Controls/ControlRig_Wedge_solid.uasset" 469
"../../../Engine/Plugins/Animation/ControlRig/Content/Controls/ControlRig_Wedge_solid.uexp" 470
"../../../Engine/Plugins/Animation/ControlRig/Content/Controls/ControlRig_Wedge_3mm.ubulk" 471
"../../../Engine/Plugins/Animation/ControlRig/Content/Controls/ControlRig_Wedge_3mm.uasset" 472
"../../../Engine/Plugins/Animation/ControlRig/Content/Controls/ControlRig_Wedge_3mm.uexp" 473
"../../../Engine/Plugins/Animation/ControlRig/Content/Controls/ControlRig_Wedge_1mm.ubulk" 474
"../../../Engine/Plugins/Animation/ControlRig/Content/Controls/ControlRig_Wedge_1mm.uasset" 475
"../../../Engine/Plugins/Animation/ControlRig/Content/Controls/ControlRig_Wedge_1mm.uexp" 476
"../../../Engine/Plugins/Animation/ControlRig/Content/Controls/ControlRig_Triangle_solid.ubulk" 477
"../../../Engine/Plugins/Animation/ControlRig/Content/Controls/ControlRig_Triangle_solid.uasset" 478
"../../../Engine/Plugins/Animation/ControlRig/Content/Controls/ControlRig_Triangle_solid.uexp" 479
"../../../Engine/Plugins/Animation/ControlRig/Content/Controls/ControlRig_Triangle_3mm.ubulk" 480
"../../../Engine/Plugins/Animation/ControlRig/Content/Controls/ControlRig_Triangle_3mm.uasset" 481
"../../../Engine/Plugins/Animation/ControlRig/Content/Controls/ControlRig_Triangle_3mm.uexp" 482
"../../../Engine/Plugins/Animation/ControlRig/Content/Controls/ControlRig_Triangle_1mm.ubulk" 483
"../../../Engine/Plugins/Animation/ControlRig/Content/Controls/ControlRig_Triangle_1mm.uasset" 484
"../../../Engine/Plugins/Animation/ControlRig/Content/Controls/ControlRig_Triangle_1mm.uexp" 485
"../../../Engine/Plugins/Animation/ControlRig/Content/Controls/ControlRig_Star4_solid.ubulk" 486
"../../../Engine/Plugins/Animation/ControlRig/Content/Controls/ControlRig_Star4_solid.uasset" 487
"../../../Engine/Plugins/Animation/ControlRig/Content/Controls/ControlRig_Star4_solid.uexp" 488
"../../../Engine/Plugins/Animation/ControlRig/Content/Controls/ControlRig_Star4_3mm.ubulk" 489
"../../../Engine/Plugins/Animation/ControlRig/Content/Controls/ControlRig_Star4_3mm.uasset" 490
"../../../Engine/Plugins/Animation/ControlRig/Content/Controls/ControlRig_Star4_3mm.uexp" 491
"../../../Engine/Plugins/Animation/ControlRig/Content/Controls/ControlRig_Star4_1mm.ubulk" 492
"../../../Engine/Plugins/Animation/ControlRig/Content/Controls/ControlRig_Star4_1mm.uasset" 493
"../../../Engine/Plugins/Animation/ControlRig/Content/Controls/ControlRig_Star4_1mm.uexp" 494
"../../../Engine/Plugins/Animation/ControlRig/Content/Controls/ControlRig_Square_solid.ubulk" 495
"../../../Engine/Plugins/Animation/ControlRig/Content/Controls/ControlRig_Square_solid.uasset" 496
"../../../Engine/Plugins/Animation/ControlRig/Content/Controls/ControlRig_Square_solid.uexp" 497
"../../../Engine/Plugins/Animation/ControlRig/Content/Controls/ControlRig_Square_3mm.ubulk" 498
"../../../Engine/Plugins/Animation/ControlRig/Content/Controls/ControlRig_Square_3mm.uasset" 499
"../../../Engine/Plugins/Animation/ControlRig/Content/Controls/ControlRig_Square_3mm.uexp" 500
"../../../Engine/Plugins/Animation/ControlRig/Content/Controls/ControlRig_Square_1mm.ubulk" 501
"../../../Engine/Plugins/Animation/ControlRig/Content/Controls/ControlRig_Square_1mm.uasset" 502
"../../../Engine/Plugins/Animation/ControlRig/Content/Controls/ControlRig_Square_1mm.uexp" 503
"../../../Engine/Plugins/Animation/ControlRig/Content/Controls/ControlRig_Sphere_solid.ubulk" 504
"../../../Engine/Plugins/Animation/ControlRig/Content/Controls/ControlRig_Sphere_solid.uasset" 505
"../../../Engine/Plugins/Animation/ControlRig/Content/Controls/ControlRig_Sphere_solid.uexp" 506
"../../../Engine/Plugins/Animation/ControlRig/Content/Controls/ControlRig_Sphere_3mm.ubulk" 507
"../../../Engine/Plugins/Animation/ControlRig/Content/Controls/ControlRig_Sphere_3mm.uasset" 508
"../../../Engine/Plugins/Animation/ControlRig/Content/Controls/ControlRig_Sphere_3mm.uexp" 509
"../../../Engine/Plugins/Animation/ControlRig/Content/Controls/ControlRig_Sphere_1mm.ubulk" 510
"../../../Engine/Plugins/Animation/ControlRig/Content/Controls/ControlRig_Sphere_1mm.uasset" 511
"../../../Engine/Plugins/Animation/ControlRig/Content/Controls/ControlRig_Sphere_1mm.uexp" 512
"../../../Engine/Plugins/Animation/ControlRig/Content/Controls/ControlRig_RoundedTriangle_solid.ubulk" 513
"../../../Engine/Plugins/Animation/ControlRig/Content/Controls/ControlRig_RoundedTriangle_solid.uasset" 514
"../../../Engine/Plugins/Animation/ControlRig/Content/Controls/ControlRig_RoundedTriangle_solid.uexp" 515
"../../../Engine/Plugins/Animation/ControlRig/Content/Controls/ControlRig_RoundedTriangle_3mm.ubulk" 516
"../../../Engine/Plugins/Animation/ControlRig/Content/Controls/ControlRig_RoundedTriangle_3mm.uasset" 517
"../../../Engine/Plugins/Animation/ControlRig/Content/Controls/ControlRig_RoundedTriangle_3mm.uexp" 518
"../../../Engine/Plugins/Animation/ControlRig/Content/Controls/ControlRig_RoundedTriangle_1mm.ubulk" 519
"../../../Engine/Plugins/Animation/ControlRig/Content/Controls/ControlRig_RoundedTriangle_1mm.uasset" 520
"../../../Engine/Plugins/Animation/ControlRig/Content/Controls/ControlRig_RoundedTriangle_1mm.uexp" 521
"../../../Engine/Plugins/Animation/ControlRig/Content/Controls/ControlRig_RoundedSquare_solid.ubulk" 522
"../../../Engine/Plugins/Animation/ControlRig/Content/Controls/ControlRig_RoundedSquare_solid.uasset" 523
"../../../Engine/Plugins/Animation/ControlRig/Content/Controls/ControlRig_RoundedSquare_solid.uexp" 524
"../../../Engine/Plugins/Animation/ControlRig/Content/Controls/ControlRig_RoundedSquare_3mm.ubulk" 525
"../../../Engine/Plugins/Animation/ControlRig/Content/Controls/ControlRig_RoundedSquare_3mm.uasset" 526
"../../../Engine/Plugins/Animation/ControlRig/Content/Controls/ControlRig_RoundedSquare_3mm.uexp" 527
"../../../Engine/Plugins/Animation/ControlRig/Content/Controls/ControlRig_RoundedSquare_1mm.ubulk" 528
"../../../Engine/Plugins/Animation/ControlRig/Content/Controls/ControlRig_RoundedSquare_1mm.uasset" 529
"../../../Engine/Plugins/Animation/ControlRig/Content/Controls/ControlRig_RoundedSquare_1mm.uexp" 530
"../../../Engine/Plugins/Animation/ControlRig/Content/Controls/ControlRig_QuarterCircle_solid.ubulk" 531
"../../../Engine/Plugins/Animation/ControlRig/Content/Controls/ControlRig_QuarterCircle_solid.uasset" 532
"../../../Engine/Plugins/Animation/ControlRig/Content/Controls/ControlRig_QuarterCircle_solid.uexp" 533
"../../../Engine/Plugins/Animation/ControlRig/Content/Controls/ControlRig_QuarterCircle_3mm.ubulk" 534
"../../../Engine/Plugins/Animation/ControlRig/Content/Controls/ControlRig_QuarterCircle_3mm.uasset" 535
"../../../Engine/Plugins/Animation/ControlRig/Content/Controls/ControlRig_QuarterCircle_3mm.uexp" 536
"../../../Engine/Plugins/Animation/ControlRig/Content/Controls/ControlRig_QuarterCircle_1mm.ubulk" 537
"../../../Engine/Plugins/Animation/ControlRig/Content/Controls/ControlRig_QuarterCircle_1mm.uasset" 538
"../../../Engine/Plugins/Animation/ControlRig/Content/Controls/ControlRig_QuarterCircle_1mm.uexp" 539
"../../../Engine/Plugins/Animation/ControlRig/Content/Controls/ControlRig_Pyramid_solid.ubulk" 540
"../../../Engine/Plugins/Animation/ControlRig/Content/Controls/ControlRig_Pyramid_solid.uasset" 541
"../../../Engine/Plugins/Animation/ControlRig/Content/Controls/ControlRig_Pyramid_solid.uexp" 542
"../../../Engine/Plugins/Animation/ControlRig/Content/Controls/ControlRig_Pyramid_3mm.ubulk" 543
"../../../Engine/Plugins/Animation/ControlRig/Content/Controls/ControlRig_Pyramid_3mm.uasset" 544
"../../../Engine/Plugins/Animation/ControlRig/Content/Controls/ControlRig_Pyramid_3mm.uexp" 545
"../../../Engine/Plugins/Animation/ControlRig/Content/Controls/ControlRig_Pyramid_1mm.ubulk" 546
"../../../Engine/Plugins/Animation/ControlRig/Content/Controls/ControlRig_Pyramid_1mm.uasset" 547
"../../../Engine/Plugins/Animation/ControlRig/Content/Controls/ControlRig_Pyramid_1mm.uexp" 548
"../../../Engine/Plugins/Animation/ControlRig/Content/Controls/ControlRig_Octagon_solid.ubulk" 549
"../../../Engine/Plugins/Animation/ControlRig/Content/Controls/ControlRig_Octagon_solid.uasset" 550
"../../../Engine/Plugins/Animation/ControlRig/Content/Controls/ControlRig_Octagon_solid.uexp" 551
"../../../Engine/Plugins/Animation/ControlRig/Content/Controls/ControlRig_Octagon_3mm.ubulk" 552
"../../../Engine/Plugins/Animation/ControlRig/Content/Controls/ControlRig_Octagon_3mm.uasset" 553
"../../../Engine/Plugins/Animation/ControlRig/Content/Controls/ControlRig_Octagon_3mm.uexp" 554
"../../../Engine/Plugins/Animation/ControlRig/Content/Controls/ControlRig_Octagon_1mm.ubulk" 555
"../../../Engine/Plugins/Animation/ControlRig/Content/Controls/ControlRig_Octagon_1mm.uasset" 556
"../../../Engine/Plugins/Animation/ControlRig/Content/Controls/ControlRig_Octagon_1mm.uexp" 557
"../../../Engine/Plugins/Animation/ControlRig/Content/Controls/ControlRig_Hexagon_solid.ubulk" 558
"../../../Engine/Plugins/Animation/ControlRig/Content/Controls/ControlRig_Hexagon_solid.uasset" 559
"../../../Engine/Plugins/Animation/ControlRig/Content/Controls/ControlRig_Hexagon_solid.uexp" 560
"../../../Engine/Plugins/Animation/ControlRig/Content/Controls/ControlRig_Hexagon_3mm.ubulk" 561
"../../../Engine/Plugins/Animation/ControlRig/Content/Controls/ControlRig_Hexagon_3mm.uasset" 562
"../../../Engine/Plugins/Animation/ControlRig/Content/Controls/ControlRig_Hexagon_3mm.uexp" 563
"../../../Engine/Plugins/Animation/ControlRig/Content/Controls/ControlRig_Hexagon_1mm.ubulk" 564
"../../../Engine/Plugins/Animation/ControlRig/Content/Controls/ControlRig_Hexagon_1mm.uasset" 565
"../../../Engine/Plugins/Animation/ControlRig/Content/Controls/ControlRig_Hexagon_1mm.uexp" 566
"../../../Engine/Plugins/Animation/ControlRig/Content/Controls/ControlRig_HalfCircle_solid.ubulk" 567
"../../../Engine/Plugins/Animation/ControlRig/Content/Controls/ControlRig_HalfCircle_solid.uasset" 568
"../../../Engine/Plugins/Animation/ControlRig/Content/Controls/ControlRig_HalfCircle_solid.uexp" 569
"../../../Engine/Plugins/Animation/ControlRig/Content/Controls/ControlRig_HalfCircle_3mm.ubulk" 570
"../../../Engine/Plugins/Animation/ControlRig/Content/Controls/ControlRig_HalfCircle_3mm.uasset" 571
"../../../Engine/Plugins/Animation/ControlRig/Content/Controls/ControlRig_HalfCircle_3mm.uexp" 572
"../../../Engine/Plugins/Animation/ControlRig/Content/Controls/ControlRig_HalfCircle_1mm.ubulk" 573
"../../../Engine/Plugins/Animation/ControlRig/Content/Controls/ControlRig_HalfCircle_1mm.uasset" 574
"../../../Engine/Plugins/Animation/ControlRig/Content/Controls/ControlRig_HalfCircle_1mm.uexp" 575
"../../../Engine/Plugins/Animation/ControlRig/Content/Controls/ControlRig_Diamond_solid.ubulk" 576
"../../../Engine/Plugins/Animation/ControlRig/Content/Controls/ControlRig_Diamond_solid.uasset" 577
"../../../Engine/Plugins/Animation/ControlRig/Content/Controls/ControlRig_Diamond_solid.uexp" 578
"../../../Engine/Plugins/Animation/ControlRig/Content/Controls/ControlRig_Diamond_3mm.ubulk" 579
"../../../Engine/Plugins/Animation/ControlRig/Content/Controls/ControlRig_Diamond_3mm.uasset" 580
"../../../Engine/Plugins/Animation/ControlRig/Content/Controls/ControlRig_Diamond_3mm.uexp" 581
"../../../Engine/Plugins/Animation/ControlRig/Content/Controls/ControlRig_Diamond_1mm.ubulk" 582
"../../../Engine/Plugins/Animation/ControlRig/Content/Controls/ControlRig_Diamond_1mm.uasset" 583
"../../../Engine/Plugins/Animation/ControlRig/Content/Controls/ControlRig_Diamond_1mm.uexp" 584
"../../../Engine/Plugins/Animation/ControlRig/Content/Controls/ControlRig_Circle_solid.ubulk" 585
"../../../Engine/Plugins/Animation/ControlRig/Content/Controls/ControlRig_Circle_solid.uasset" 586
"../../../Engine/Plugins/Animation/ControlRig/Content/Controls/ControlRig_Circle_solid.uexp" 587
"../../../Engine/Plugins/Animation/ControlRig/Content/Controls/ControlRig_Circle_3mm.ubulk" 588
"../../../Engine/Plugins/Animation/ControlRig/Content/Controls/ControlRig_Circle_3mm.uasset" 589
"../../../Engine/Plugins/Animation/ControlRig/Content/Controls/ControlRig_Circle_3mm.uexp" 590
"../../../Engine/Plugins/Animation/ControlRig/Content/Controls/ControlRig_Circle_1mm.ubulk" 591
"../../../Engine/Plugins/Animation/ControlRig/Content/Controls/ControlRig_Circle_1mm.uasset" 592
"../../../Engine/Plugins/Animation/ControlRig/Content/Controls/ControlRig_Circle_1mm.uexp" 593
"../../../Engine/Plugins/Animation/ControlRig/Content/Controls/ControlRig_Box_solid.ubulk" 594
"../../../Engine/Plugins/Animation/ControlRig/Content/Controls/ControlRig_Box_solid.uasset" 595
"../../../Engine/Plugins/Animation/ControlRig/Content/Controls/ControlRig_Box_solid.uexp" 596
"../../../Engine/Plugins/Animation/ControlRig/Content/Controls/ControlRig_Box_3mm.ubulk" 597
"../../../Engine/Plugins/Animation/ControlRig/Content/Controls/ControlRig_Box_3mm.uasset" 598
"../../../Engine/Plugins/Animation/ControlRig/Content/Controls/ControlRig_Box_3mm.uexp" 599
"../../../Engine/Plugins/Animation/ControlRig/Content/Controls/ControlRig_Box_1mm.ubulk" 600
"../../../Engine/Plugins/Animation/ControlRig/Content/Controls/ControlRig_Box_1mm.uasset" 601
"../../../Engine/Plugins/Animation/ControlRig/Content/Controls/ControlRig_Box_1mm.uexp" 602
"../../../Engine/Plugins/Animation/ControlRig/Content/Controls/ControlRig_Arrow_solid.ubulk" 603
"../../../Engine/Plugins/Animation/ControlRig/Content/Controls/ControlRig_Arrow_solid.uasset" 604
"../../../Engine/Plugins/Animation/ControlRig/Content/Controls/ControlRig_Arrow_solid.uexp" 605
"../../../Engine/Plugins/Animation/ControlRig/Content/Controls/ControlRig_Arrow_3mm.ubulk" 606
"../../../Engine/Plugins/Animation/ControlRig/Content/Controls/ControlRig_Arrow_3mm.uasset" 607
"../../../Engine/Plugins/Animation/ControlRig/Content/Controls/ControlRig_Arrow_3mm.uexp" 608
"../../../Engine/Plugins/Animation/ControlRig/Content/Controls/ControlRig_Arrow_1mm.ubulk" 609
"../../../Engine/Plugins/Animation/ControlRig/Content/Controls/ControlRig_Arrow_1mm.uasset" 610
"../../../Engine/Plugins/Animation/ControlRig/Content/Controls/ControlRig_Arrow_1mm.uexp" 611
"../../../Engine/Plugins/Animation/ControlRig/Content/Controls/ControlRig_Arrow4_solid.ubulk" 612
"../../../Engine/Plugins/Animation/ControlRig/Content/Controls/ControlRig_Arrow4_solid.uasset" 613
"../../../Engine/Plugins/Animation/ControlRig/Content/Controls/ControlRig_Arrow4_solid.uexp" 614
"../../../Engine/Plugins/Animation/ControlRig/Content/Controls/ControlRig_Arrow4_3mm.ubulk" 615
"../../../Engine/Plugins/Animation/ControlRig/Content/Controls/ControlRig_Arrow4_3mm.uasset" 616
"../../../Engine/Plugins/Animation/ControlRig/Content/Controls/ControlRig_Arrow4_3mm.uexp" 617
"../../../Engine/Plugins/Animation/ControlRig/Content/Controls/ControlRig_Arrow4_1mm.ubulk" 618
"../../../Engine/Plugins/Animation/ControlRig/Content/Controls/ControlRig_Arrow4_1mm.uasset" 619
"../../../Engine/Plugins/Animation/ControlRig/Content/Controls/ControlRig_Arrow4_1mm.uexp" 620
"../../../Engine/Plugins/Animation/ControlRig/Content/Controls/ControlRig_Arrow2_solid.ubulk" 621
"../../../Engine/Plugins/Animation/ControlRig/Content/Controls/ControlRig_Arrow2_solid.uasset" 622
"../../../Engine/Plugins/Animation/ControlRig/Content/Controls/ControlRig_Arrow2_solid.uexp" 623
"../../../Engine/Plugins/Animation/ControlRig/Content/Controls/ControlRig_Arrow2_3mm.ubulk" 624
"../../../Engine/Plugins/Animation/ControlRig/Content/Controls/ControlRig_Arrow2_3mm.uasset" 625
"../../../Engine/Plugins/Animation/ControlRig/Content/Controls/ControlRig_Arrow2_3mm.uexp" 626
"../../../Engine/Plugins/Animation/ControlRig/Content/Controls/ControlRig_Arrow2_1mm.ubulk" 627
"../../../Engine/Plugins/Animation/ControlRig/Content/Controls/ControlRig_Arrow2_1mm.uasset" 628
"../../../Engine/Plugins/Animation/ControlRig/Content/Controls/ControlRig_Arrow2_1mm.uexp" 629
"../../../Engine/Plugins/Animation/ControlRig/Content/Controls/ControlRigXRayMaterial.uasset" 630
"../../../Engine/Plugins/Animation/ControlRig/Content/Controls/ControlRigXRayMaterial.uexp" 631
"../../../Engine/Plugins/Animation/ControlRig/Content/Controls/ControlRigGizmoMaterial.uasset" 632
"../../../Engine/Plugins/Animation/ControlRig/Content/Controls/ControlRigGizmoMaterial.uexp" 633
"../../../Engine/Plugins/Editor/SpeedTreeImporter/Content/SpeedTree9/game_wind_noise.ubulk" 634
"../../../Engine/Plugins/Editor/SpeedTreeImporter/Content/SpeedTree9/game_wind_noise.uasset" 635
"../../../Engine/Plugins/Editor/SpeedTreeImporter/Content/SpeedTree9/game_wind_noise.uexp" 636
"../../../Engine/Plugins/Editor/SpeedTreeImporter/Content/SpeedTree9/UnpackDirection.uasset" 637
"../../../Engine/Plugins/Editor/SpeedTreeImporter/Content/SpeedTree9/UnpackDirection.uexp" 638
"../../../Engine/Content/Functions/Engine_MaterialFunctions02/ObjectLocalBounds.uasset" 639
"../../../Engine/Content/Functions/Engine_MaterialFunctions02/ObjectLocalBounds.uexp" 640
"../../../Engine/Content/Functions/Engine_MaterialFunctions02/UVs/BoundingBoxBased_0-1_UVW.uasset" 641
"../../../Engine/Content/Functions/Engine_MaterialFunctions02/UVs/BoundingBoxBased_0-1_UVW.uexp" 642
"../../../Engine/Content/Functions/Engine_MaterialFunctions02/Utility/VectorLength.uasset" 643
"../../../Engine/Content/Functions/Engine_MaterialFunctions02/Utility/VectorLength.uexp" 644
"../../../Engine/Plugins/Editor/SpeedTreeImporter/Content/SpeedTree9/UnpackInteger3.uasset" 645
"../../../Engine/Plugins/Editor/SpeedTreeImporter/Content/SpeedTree9/UnpackInteger3.uexp" 646
"../../../Engine/Plugins/Editor/SpeedTreeImporter/Content/SpeedTree9/SpeedTreeCameraFacing.uasset" 647
"../../../Engine/Plugins/Editor/SpeedTreeImporter/Content/SpeedTree9/SpeedTreeCameraFacing.uexp" 648
"../../../Engine/Content/Functions/Engine_MaterialFunctions02/WorldPositionOffset/ObjectScale.uasset" 649
"../../../Engine/Content/Functions/Engine_MaterialFunctions02/WorldPositionOffset/ObjectScale.uexp" 650
"../../../Engine/Content/Functions/Engine_MaterialFunctions02/SafeNormalize.uasset" 651
"../../../Engine/Content/Functions/Engine_MaterialFunctions02/SafeNormalize.uexp" 652
"../../../Engine/Plugins/Editor/SpeedTreeImporter/Content/SpeedTree9/SpeedTreeWindMotion.uasset" 653
"../../../Engine/Plugins/Editor/SpeedTreeImporter/Content/SpeedTree9/SpeedTreeWindMotion.uexp" 654
"../../../Engine/Plugins/Editor/SpeedTreeImporter/Content/SpeedTree9/SpeedTreeBranchMotion.uasset" 655
"../../../Engine/Plugins/Editor/SpeedTreeImporter/Content/SpeedTree9/SpeedTreeBranchMotion.uexp" 656
"../../../Engine/Plugins/Editor/SpeedTreeImporter/Content/SpeedTree9/SpeedTreeWind.uasset" 657
"../../../Engine/Plugins/Editor/SpeedTreeImporter/Content/SpeedTree9/SpeedTreeWind.uexp" 658
"../../../Engine/Plugins/Editor/SpeedTreeImporter/Content/SpeedTree9/EmptyNormal.uasset" 659
"../../../Engine/Plugins/Editor/SpeedTreeImporter/Content/SpeedTree9/EmptyNormal.uexp" 660
"../../../Engine/Plugins/Editor/SpeedTreeImporter/Content/SpeedTree9/Empty.uasset" 661
"../../../Engine/Plugins/Editor/SpeedTreeImporter/Content/SpeedTree9/Empty.uexp" 662
"../../../Engine/Plugins/Editor/SpeedTreeImporter/Content/SpeedTree9/SpeedTreeMaster.uasset" 663
"../../../Engine/Plugins/Editor/SpeedTreeImporter/Content/SpeedTree9/SpeedTreeMaster.uexp" 664
"../../../Engine/Plugins/Editor/SpeedTreeImporter/Content/SpeedTree9/SpeedTreeBillboard.uasset" 665
"../../../Engine/Plugins/Editor/SpeedTreeImporter/Content/SpeedTree9/SpeedTreeBillboard.uexp" 666
"../../../Engine/Plugins/Editor/SpeedTreeImporter/Content/SpeedTree9/SpeedTreeBillboardMaster.uasset" 667
"../../../Engine/Plugins/Editor/SpeedTreeImporter/Content/SpeedTree9/SpeedTreeBillboardMaster.uexp" 668
"../../../Engine/Plugins/Interchange/Runtime/Content/Pipelines/DefaultSceneAssetsPipeline.uasset" 669
"../../../Engine/Plugins/Interchange/Runtime/Content/Pipelines/DefaultSceneAssetsPipeline.uexp" 670
"../../../Engine/Plugins/Interchange/Runtime/Content/Pipelines/DefaultTexturePipeline.uasset" 671
"../../../Engine/Plugins/Interchange/Runtime/Content/Pipelines/DefaultTexturePipeline.uexp" 672
"../../../Engine/Plugins/Interchange/Runtime/Content/Pipelines/DefaultSceneLevelPipeline.uasset" 673
"../../../Engine/Plugins/Interchange/Runtime/Content/Pipelines/DefaultSceneLevelPipeline.uexp" 674
"../../../Engine/Content/Functions/Engine_MaterialFunctions02/Texturing/CustomRotator.uasset" 675
"../../../Engine/Content/Functions/Engine_MaterialFunctions02/Texturing/CustomRotator.uexp" 676
"../../../Engine/Content/Functions/Engine_MaterialFunctions02/Texturing/ScreenAlignedPixelToPixelUVs.uasset" 677
"../../../Engine/Content/Functions/Engine_MaterialFunctions02/Texturing/ScreenAlignedPixelToPixelUVs.uexp" 678
"../../../Engine/Plugins/Interchange/Runtime/Content/Utilities/T_Bayer64_Grayscale_64px.uasset" 679
"../../../Engine/Plugins/Interchange/Runtime/Content/Utilities/T_Bayer64_Grayscale_64px.uexp" 680
"../../../Engine/Plugins/Interchange/Runtime/Content/gltf/MaterialFunctions/MF_Temporal_Blur.uasset" 681
"../../../Engine/Plugins/Interchange/Runtime/Content/gltf/MaterialFunctions/MF_Temporal_Blur.uexp" 682
"../../../Engine/Plugins/Interchange/Runtime/Content/gltf/MaterialFunctions/MF_Fresnel_DS.uasset" 683
"../../../Engine/Plugins/Interchange/Runtime/Content/gltf/MaterialFunctions/MF_Fresnel_DS.uexp" 684
"../../../Engine/Plugins/Interchange/Runtime/Content/Functions/MX_Transmission.uasset" 685
"../../../Engine/Plugins/Interchange/Runtime/Content/Functions/MX_Transmission.uexp" 686
"../../../Engine/Plugins/Interchange/Runtime/Content/Functions/MX_StandardSurface.uasset" 687
"../../../Engine/Plugins/Interchange/Runtime/Content/Functions/MX_StandardSurface.uexp" 688
"../../../Engine/Plugins/Interchange/Runtime/Content/Functions/MX_TransmissionSurface.uasset" 689
"../../../Engine/Plugins/Interchange/Runtime/Content/Functions/MX_TransmissionSurface.uexp" 690
"../../../Engine/Content/Functions/Engine_MaterialFunctions02/WorldPositionOffset/V2/ObjectScale.uasset" 691
"../../../Engine/Content/Functions/Engine_MaterialFunctions02/WorldPositionOffset/V2/ObjectScale.uexp" 692
"../../../Engine/Plugins/Interchange/Runtime/Content/gltf/MaterialFunctions/MF_TransmissionOpacity.uasset" 693
"../../../Engine/Plugins/Interchange/Runtime/Content/gltf/MaterialFunctions/MF_TransmissionOpacity.uexp" 694
"../../../Engine/Plugins/Interchange/Runtime/Content/gltf/MaterialFunctions/MF_Transmission.uasset" 695
"../../../Engine/Plugins/Interchange/Runtime/Content/gltf/MaterialFunctions/MF_Transmission.uexp" 696
"../../../Engine/Plugins/Interchange/Runtime/Content/gltf/M_Transmission.uasset" 697
"../../../Engine/Plugins/Interchange/Runtime/Content/gltf/M_Transmission.uexp" 698
"../../../Engine/Plugins/Interchange/Runtime/Content/gltf/MaterialInstances_MR/MI_Transmission_TS.uasset" 699
"../../../Engine/Plugins/Interchange/Runtime/Content/gltf/MaterialInstances_MR/MI_Transmission_TS.uexp" 700
"../../../Engine/Plugins/Interchange/Runtime/Content/gltf/MaterialInstances_MR/MI_Transmission.uasset" 701
"../../../Engine/Plugins/Interchange/Runtime/Content/gltf/MaterialInstances_MR/MI_Transmission.uexp" 702
"../../../Engine/Plugins/Interchange/Runtime/Content/gltf/M_Translucent.uasset" 703
"../../../Engine/Plugins/Interchange/Runtime/Content/gltf/M_Translucent.uexp" 704
"../../../Engine/Plugins/Interchange/Runtime/Content/gltf/MaterialInstances_MR/MI_Translucent_TS.uasset" 705
"../../../Engine/Plugins/Interchange/Runtime/Content/gltf/MaterialInstances_MR/MI_Translucent_TS.uexp" 706
"../../../Engine/Plugins/Interchange/Runtime/Content/gltf/MaterialInstances_MR/MI_Translucent_ClearCoat_TS.uasset" 707
"../../../Engine/Plugins/Interchange/Runtime/Content/gltf/MaterialInstances_MR/MI_Translucent_ClearCoat_TS.uexp" 708
"../../../Engine/Plugins/Interchange/Runtime/Content/gltf/MaterialInstances_MR/MI_Translucent_ClearCoat.uasset" 709
"../../../Engine/Plugins/Interchange/Runtime/Content/gltf/MaterialInstances_MR/MI_Translucent_ClearCoat.uexp" 710
"../../../Engine/Plugins/Interchange/Runtime/Content/gltf/MaterialInstances_MR/MI_Translucent.uasset" 711
"../../../Engine/Plugins/Interchange/Runtime/Content/gltf/MaterialInstances_MR/MI_Translucent.uexp" 712
"../../../Engine/Plugins/Interchange/Runtime/Content/gltf/M_Unlit.uasset" 713
"../../../Engine/Plugins/Interchange/Runtime/Content/gltf/M_Unlit.uexp" 714
"../../../Engine/Plugins/Interchange/Runtime/Content/gltf/MaterialInstances_MR/MI_Opaque_Unlit_TS.uasset" 715
"../../../Engine/Plugins/Interchange/Runtime/Content/gltf/MaterialInstances_MR/MI_Opaque_Unlit_TS.uexp" 716
"../../../Engine/Plugins/Interchange/Runtime/Content/gltf/MaterialInstances_MR/MI_Opaque_Unlit.uasset" 717
"../../../Engine/Plugins/Interchange/Runtime/Content/gltf/MaterialInstances_MR/MI_Opaque_Unlit.uexp" 718
"../../../Engine/Plugins/Interchange/Runtime/Content/gltf/MaterialInstances_MR/MI_Opaque_TS.uasset" 719
"../../../Engine/Plugins/Interchange/Runtime/Content/gltf/MaterialInstances_MR/MI_Opaque_TS.uexp" 720
"../../../Engine/Plugins/Interchange/Runtime/Content/gltf/MaterialFunctions/MF_Sheen.uasset" 721
"../../../Engine/Plugins/Interchange/Runtime/Content/gltf/MaterialFunctions/MF_Sheen.uexp" 722
"../../../Engine/Content/Functions/Engine_MaterialFunctions01/Shading/FuzzyShading.uasset" 723
"../../../Engine/Content/Functions/Engine_MaterialFunctions01/Shading/FuzzyShading.uexp" 724
"../../../Engine/Plugins/Interchange/Runtime/Content/gltf/M_Sheen.uasset" 725
"../../../Engine/Plugins/Interchange/Runtime/Content/gltf/M_Sheen.uexp" 726
"../../../Engine/Plugins/Interchange/Runtime/Content/gltf/MaterialInstances_MR/MI_Opaque_Sheen_TS.uasset" 727
"../../../Engine/Plugins/Interchange/Runtime/Content/gltf/MaterialInstances_MR/MI_Opaque_Sheen_TS.uexp" 728
"../../../Engine/Plugins/Interchange/Runtime/Content/gltf/MaterialInstances_MR/MI_Opaque_Sheen.uasset" 729
"../../../Engine/Plugins/Interchange/Runtime/Content/gltf/MaterialInstances_MR/MI_Opaque_Sheen.uexp" 730
"../../../Engine/Plugins/Interchange/Runtime/Content/gltf/MaterialInstances_MR/MI_Opaque_ClearCoat_TS.uasset" 731
"../../../Engine/Plugins/Interchange/Runtime/Content/gltf/MaterialInstances_MR/MI_Opaque_ClearCoat_TS.uexp" 732
"../../../Engine/Plugins/Interchange/Runtime/Content/gltf/MaterialInstances_MR/MI_Opaque_ClearCoat.uasset" 733
"../../../Engine/Plugins/Interchange/Runtime/Content/gltf/MaterialInstances_MR/MI_Opaque_ClearCoat.uexp" 734
"../../../Engine/Plugins/Interchange/Runtime/Content/gltf/MaterialInstances_MR/MI_Opaque.uasset" 735
"../../../Engine/Plugins/Interchange/Runtime/Content/gltf/MaterialInstances_MR/MI_Opaque.uexp" 736
"../../../Engine/Plugins/Interchange/Runtime/Content/gltf/MaterialInstances_SG/MI_Transmission_TS.uasset" 737
"../../../Engine/Plugins/Interchange/Runtime/Content/gltf/MaterialInstances_SG/MI_Transmission_TS.uexp" 738
"../../../Engine/Plugins/Interchange/Runtime/Content/gltf/MaterialInstances_SG/MI_Transmission.uasset" 739
"../../../Engine/Plugins/Interchange/Runtime/Content/gltf/MaterialInstances_SG/MI_Transmission.uexp" 740
"../../../Engine/Plugins/Interchange/Runtime/Content/gltf/MaterialInstances_SG/MI_Translucent_TS.uasset" 741
"../../../Engine/Plugins/Interchange/Runtime/Content/gltf/MaterialInstances_SG/MI_Translucent_TS.uexp" 742
"../../../Engine/Plugins/Interchange/Runtime/Content/gltf/MaterialInstances_SG/MI_Translucent_ClearCoat_TS.uasset" 743
"../../../Engine/Plugins/Interchange/Runtime/Content/gltf/MaterialInstances_SG/MI_Translucent_ClearCoat_TS.uexp" 744
"../../../Engine/Plugins/Interchange/Runtime/Content/gltf/MaterialInstances_SG/MI_Translucent_ClearCoat.uasset" 745
"../../../Engine/Plugins/Interchange/Runtime/Content/gltf/MaterialInstances_SG/MI_Translucent_ClearCoat.uexp" 746
"../../../Engine/Plugins/Interchange/Runtime/Content/gltf/MaterialInstances_SG/MI_Translucent.uasset" 747
"../../../Engine/Plugins/Interchange/Runtime/Content/gltf/MaterialInstances_SG/MI_Translucent.uexp" 748
"../../../Engine/Plugins/Interchange/Runtime/Content/gltf/MaterialInstances_SG/MI_Opaque_TS.uasset" 749
"../../../Engine/Plugins/Interchange/Runtime/Content/gltf/MaterialInstances_SG/MI_Opaque_TS.uexp" 750
"../../../Engine/Plugins/Interchange/Runtime/Content/gltf/MaterialInstances_SG/MI_Opaque_Sheen_TS.uasset" 751
"../../../Engine/Plugins/Interchange/Runtime/Content/gltf/MaterialInstances_SG/MI_Opaque_Sheen_TS.uexp" 752
"../../../Engine/Plugins/Interchange/Runtime/Content/gltf/MaterialInstances_SG/MI_Opaque_Sheen.uasset" 753
"../../../Engine/Plugins/Interchange/Runtime/Content/gltf/MaterialInstances_SG/MI_Opaque_Sheen.uexp" 754
"../../../Engine/Plugins/Interchange/Runtime/Content/gltf/MaterialInstances_SG/MI_Opaque_ClearCoat_TS.uasset" 755
"../../../Engine/Plugins/Interchange/Runtime/Content/gltf/MaterialInstances_SG/MI_Opaque_ClearCoat_TS.uexp" 756
"../../../Engine/Plugins/Interchange/Runtime/Content/gltf/MaterialInstances_SG/MI_Opaque_ClearCoat.uasset" 757
"../../../Engine/Plugins/Interchange/Runtime/Content/gltf/MaterialInstances_SG/MI_Opaque_ClearCoat.uexp" 758
"../../../Engine/Content/Maps/Entry_BuiltData.uasset" 759
"../../../Engine/Content/Maps/Entry_BuiltData.uexp" 760
"../../../Engine/Content/Maps/Entry.uexp" 761
"../../../Engine/Content/Maps/Entry.umap" 762
"../../../Engine/Content/BasicShapes/Plane.ubulk" 763
"../../../Engine/Content/BasicShapes/Plane.uasset" 764
"../../../Engine/Content/BasicShapes/Plane.uexp" 765
"../../../Engine/Plugins/2D/Paper2D/Content/TranslucentUnlitSpriteMaterial.uasset" 766
"../../../Engine/Plugins/2D/Paper2D/Content/TranslucentUnlitSpriteMaterial.uexp" 767
"C:/Users/Assistant/Documents/GitHub/PhuketBike_UE/PhuketBike/Content/PhuketBikeContent/PlayerAnimated/6.uasset" 768
"C:/Users/Assistant/Documents/GitHub/PhuketBike_UE/PhuketBike/Content/PhuketBikeContent/PlayerAnimated/6.uexp" 769
"C:/Users/Assistant/Documents/GitHub/PhuketBike_UE/PhuketBike/Content/PhuketBikeContent/PlayerAnimated/6_Sprite.uasset" 770
"C:/Users/Assistant/Documents/GitHub/PhuketBike_UE/PhuketBike/Content/PhuketBikeContent/PlayerAnimated/6_Sprite.uexp" 771
"C:/Users/Assistant/Documents/GitHub/PhuketBike_UE/PhuketBike/Content/PhuketBikeContent/PlayerAnimated/5.uasset" 772
"C:/Users/Assistant/Documents/GitHub/PhuketBike_UE/PhuketBike/Content/PhuketBikeContent/PlayerAnimated/5.uexp" 773
"C:/Users/Assistant/Documents/GitHub/PhuketBike_UE/PhuketBike/Content/PhuketBikeContent/PlayerAnimated/5_Sprite.uasset" 774
"C:/Users/Assistant/Documents/GitHub/PhuketBike_UE/PhuketBike/Content/PhuketBikeContent/PlayerAnimated/5_Sprite.uexp" 775
"C:/Users/Assistant/Documents/GitHub/PhuketBike_UE/PhuketBike/Content/PhuketBikeContent/PlayerAnimated/4.uasset" 776
"C:/Users/Assistant/Documents/GitHub/PhuketBike_UE/PhuketBike/Content/PhuketBikeContent/PlayerAnimated/4.uexp" 777
"C:/Users/Assistant/Documents/GitHub/PhuketBike_UE/PhuketBike/Content/PhuketBikeContent/PlayerAnimated/4_Sprite.uasset" 778
"C:/Users/Assistant/Documents/GitHub/PhuketBike_UE/PhuketBike/Content/PhuketBikeContent/PlayerAnimated/4_Sprite.uexp" 779
"C:/Users/Assistant/Documents/GitHub/PhuketBike_UE/PhuketBike/Content/PhuketBikeContent/PlayerAnimated/3.uasset" 780
"C:/Users/Assistant/Documents/GitHub/PhuketBike_UE/PhuketBike/Content/PhuketBikeContent/PlayerAnimated/3.uexp" 781
"C:/Users/Assistant/Documents/GitHub/PhuketBike_UE/PhuketBike/Content/PhuketBikeContent/PlayerAnimated/3_Sprite.uasset" 782
"C:/Users/Assistant/Documents/GitHub/PhuketBike_UE/PhuketBike/Content/PhuketBikeContent/PlayerAnimated/3_Sprite.uexp" 783
"C:/Users/Assistant/Documents/GitHub/PhuketBike_UE/PhuketBike/Content/PhuketBikeContent/PlayerAnimated/2.uasset" 784
"C:/Users/Assistant/Documents/GitHub/PhuketBike_UE/PhuketBike/Content/PhuketBikeContent/PlayerAnimated/2.uexp" 785
"C:/Users/Assistant/Documents/GitHub/PhuketBike_UE/PhuketBike/Content/PhuketBikeContent/PlayerAnimated/2_Sprite.uasset" 786
"C:/Users/Assistant/Documents/GitHub/PhuketBike_UE/PhuketBike/Content/PhuketBikeContent/PlayerAnimated/2_Sprite.uexp" 787
"C:/Users/Assistant/Documents/GitHub/PhuketBike_UE/PhuketBike/Content/PhuketBikeContent/PlayerAnimated/1.uasset" 788
"C:/Users/Assistant/Documents/GitHub/PhuketBike_UE/PhuketBike/Content/PhuketBikeContent/PlayerAnimated/1.uexp" 789
"C:/Users/Assistant/Documents/GitHub/PhuketBike_UE/PhuketBike/Content/PhuketBikeContent/PlayerAnimated/1_Sprite.uasset" 790
"C:/Users/Assistant/Documents/GitHub/PhuketBike_UE/PhuketBike/Content/PhuketBikeContent/PlayerAnimated/1_Sprite.uexp" 791
"C:/Users/Assistant/Documents/GitHub/PhuketBike_UE/PhuketBike/Content/PhuketBikeContent/PlayerAnimated/PlayerBike.uasset" 792
"C:/Users/Assistant/Documents/GitHub/PhuketBike_UE/PhuketBike/Content/PhuketBikeContent/PlayerAnimated/PlayerBike.uexp" 793
"C:/Users/Assistant/Documents/GitHub/PhuketBike_UE/PhuketBike/Content/PhuketBikeContent/BikePawnBP.uasset" 794
"C:/Users/Assistant/Documents/GitHub/PhuketBike_UE/PhuketBike/Content/PhuketBikeContent/BikePawnBP.uexp" 795
"C:/Users/Assistant/Documents/GitHub/PhuketBike_UE/PhuketBike/Content/LoopMovementComponent.uasset" 796
"C:/Users/Assistant/Documents/GitHub/PhuketBike_UE/PhuketBike/Content/LoopMovementComponent.uexp" 797
"C:/Users/Assistant/Documents/GitHub/PhuketBike_UE/PhuketBike/Content/PhuketBikeContent/BikePawnBP_NPC.uasset" 798
"C:/Users/Assistant/Documents/GitHub/PhuketBike_UE/PhuketBike/Content/PhuketBikeContent/BikePawnBP_NPC.uexp" 799
"../../../Engine/Content/EngineSky/C_Sky_Horizon_Color.uasset" 800
"../../../Engine/Content/EngineSky/C_Sky_Horizon_Color.uexp" 801
"../../../Engine/Content/EngineSky/T_Sky_Stars.ubulk" 802
"../../../Engine/Content/EngineSky/T_Sky_Stars.uasset" 803
"../../../Engine/Content/EngineSky/T_Sky_Stars.uexp" 804
"../../../Engine/Content/EngineSky/T_Sky_Clouds_M.ubulk" 805
"../../../Engine/Content/EngineSky/T_Sky_Clouds_M.uasset" 806
"../../../Engine/Content/EngineSky/T_Sky_Clouds_M.uexp" 807
"../../../Engine/Content/EngineSky/T_Sky_Blue.ubulk" 808
"../../../Engine/Content/EngineSky/T_Sky_Blue.uasset" 809
"../../../Engine/Content/EngineSky/T_Sky_Blue.uexp" 810
"../../../Engine/Content/EngineSky/M_Sky_Panning_Clouds2.uasset" 811
"../../../Engine/Content/EngineSky/M_Sky_Panning_Clouds2.uexp" 812
"../../../Engine/Content/EngineSky/SM_SkySphere.ubulk" 813
"../../../Engine/Content/EngineSky/SM_SkySphere.uasset" 814
"../../../Engine/Content/EngineSky/SM_SkySphere.uexp" 815
"../../../Engine/Content/EngineSky/C_Sky_Cloud_Color.uasset" 816
"../../../Engine/Content/EngineSky/C_Sky_Cloud_Color.uexp" 817
"../../../Engine/Content/EngineSky/C_Sky_Zenith_Color.uasset" 818
"../../../Engine/Content/EngineSky/C_Sky_Zenith_Color.uexp" 819
"../../../Engine/Content/EditorBlueprintResources/StandardMacros.uasset" 820
"../../../Engine/Content/EditorBlueprintResources/StandardMacros.uexp" 821
"../../../Engine/Content/EngineSky/BP_Sky_Sphere.uasset" 822
"../../../Engine/Content/EngineSky/BP_Sky_Sphere.uexp" 823
"C:/Users/Assistant/Documents/GitHub/PhuketBike_UE/PhuketBike/Content/HideOnPlayerLive.uasset" 824
"C:/Users/Assistant/Documents/GitHub/PhuketBike_UE/PhuketBike/Content/HideOnPlayerLive.uexp" 825
"C:/Users/Assistant/Documents/GitHub/PhuketBike_UE/PhuketBike/Content/PhuketBikeContent/streetBG.uasset" 826
"C:/Users/Assistant/Documents/GitHub/PhuketBike_UE/PhuketBike/Content/PhuketBikeContent/streetBG.uexp" 827
"C:/Users/Assistant/Documents/GitHub/PhuketBike_UE/PhuketBike/Content/PhuketBikeContent/streetBG_Mat.uasset" 828
"C:/Users/Assistant/Documents/GitHub/PhuketBike_UE/PhuketBike/Content/PhuketBikeContent/streetBG_Mat.uexp" 829
"C:/Users/Assistant/Documents/GitHub/PhuketBike_UE/PhuketBike/Content/StarterContent/Audio/Starter_Background_Cue.uasset" 830
"C:/Users/Assistant/Documents/GitHub/PhuketBike_UE/PhuketBike/Content/StarterContent/Audio/Starter_Background_Cue.uexp" 831
"C:/Users/Assistant/Documents/GitHub/PhuketBike_UE/PhuketBike/Content/PhuketBikeContent/NPC/Bikes-03.uasset" 832
"C:/Users/Assistant/Documents/GitHub/PhuketBike_UE/PhuketBike/Content/PhuketBikeContent/NPC/Bikes-03.uexp" 833
"C:/Users/Assistant/Documents/GitHub/PhuketBike_UE/PhuketBike/Content/PhuketBikeContent/NPC/Bikes-03_Sprite.uasset" 834
"C:/Users/Assistant/Documents/GitHub/PhuketBike_UE/PhuketBike/Content/PhuketBikeContent/NPC/Bikes-03_Sprite.uexp" 835
"C:/Users/Assistant/Documents/GitHub/PhuketBike_UE/PhuketBike/Content/PhuketBikeContent/NPC/Bikes-03-1.uasset" 836
"C:/Users/Assistant/Documents/GitHub/PhuketBike_UE/PhuketBike/Content/PhuketBikeContent/NPC/Bikes-03-1.uexp" 837
"C:/Users/Assistant/Documents/GitHub/PhuketBike_UE/PhuketBike/Content/PhuketBikeContent/NPC/Bikes-03-1_Sprite.uasset" 838
"C:/Users/Assistant/Documents/GitHub/PhuketBike_UE/PhuketBike/Content/PhuketBikeContent/NPC/Bikes-03-1_Sprite.uexp" 839
"C:/Users/Assistant/Documents/GitHub/PhuketBike_UE/PhuketBike/Content/PhuketBikeContent/NPC/Bikes-05.uasset" 840
"C:/Users/Assistant/Documents/GitHub/PhuketBike_UE/PhuketBike/Content/PhuketBikeContent/NPC/Bikes-05.uexp" 841
"C:/Users/Assistant/Documents/GitHub/PhuketBike_UE/PhuketBike/Content/PhuketBikeContent/NPC/Bikes-02.uasset" 842
"C:/Users/Assistant/Documents/GitHub/PhuketBike_UE/PhuketBike/Content/PhuketBikeContent/NPC/Bikes-02.uexp" 843
"C:/Users/Assistant/Documents/GitHub/PhuketBike_UE/PhuketBike/Content/PhuketBikeContent/NPC/Bikes-02_Sprite.uasset" 844
"C:/Users/Assistant/Documents/GitHub/PhuketBike_UE/PhuketBike/Content/PhuketBikeContent/NPC/Bikes-02_Sprite.uexp" 845
"C:/Users/Assistant/Documents/GitHub/PhuketBike_UE/PhuketBike/Content/PhuketBikeContent/NPC/Bikes-02-1.uasset" 846
"C:/Users/Assistant/Documents/GitHub/PhuketBike_UE/PhuketBike/Content/PhuketBikeContent/NPC/Bikes-02-1.uexp" 847
"C:/Users/Assistant/Documents/GitHub/PhuketBike_UE/PhuketBike/Content/PhuketBikeContent/NPC/Bikes-02-1_Sprite.uasset" 848
"C:/Users/Assistant/Documents/GitHub/PhuketBike_UE/PhuketBike/Content/PhuketBikeContent/NPC/Bikes-02-1_Sprite.uexp" 849
"C:/Users/Assistant/Documents/GitHub/PhuketBike_UE/PhuketBike/Content/PhuketBikeContent/NPC/Bikes-04.uasset" 850
"C:/Users/Assistant/Documents/GitHub/PhuketBike_UE/PhuketBike/Content/PhuketBikeContent/NPC/Bikes-04.uexp" 851
"C:/Users/Assistant/Documents/GitHub/PhuketBike_UE/PhuketBike/Content/PhuketBikeContent/NPC/Bikes-01.uasset" 852
"C:/Users/Assistant/Documents/GitHub/PhuketBike_UE/PhuketBike/Content/PhuketBikeContent/NPC/Bikes-01.uexp" 853
"C:/Users/Assistant/Documents/GitHub/PhuketBike_UE/PhuketBike/Content/PhuketBikeContent/NPC/Bikes-01_Sprite.uasset" 854
"C:/Users/Assistant/Documents/GitHub/PhuketBike_UE/PhuketBike/Content/PhuketBikeContent/NPC/Bikes-01_Sprite.uexp" 855
"C:/Users/Assistant/Documents/GitHub/PhuketBike_UE/PhuketBike/Content/PhuketBikeContent/NPC/Bikes-01-1-01.uasset" 856
"C:/Users/Assistant/Documents/GitHub/PhuketBike_UE/PhuketBike/Content/PhuketBikeContent/NPC/Bikes-01-1-01.uexp" 857
"C:/Users/Assistant/Documents/GitHub/PhuketBike_UE/PhuketBike/Content/PhuketBikeContent/NPC/Bikes-01-1-01_Sprite.uasset" 858
"C:/Users/Assistant/Documents/GitHub/PhuketBike_UE/PhuketBike/Content/PhuketBikeContent/NPC/Bikes-01-1-01_Sprite.uexp" 859
"C:/Users/Assistant/Documents/GitHub/PhuketBike_UE/PhuketBike/Content/PhuketBikeContent/NPC/Bikes-01-1.uasset" 860
"C:/Users/Assistant/Documents/GitHub/PhuketBike_UE/PhuketBike/Content/PhuketBikeContent/NPC/Bikes-01-1.uexp" 861
"C:/Users/Assistant/Documents/GitHub/PhuketBike_UE/PhuketBike/Content/StarterContent/Maps/Minimal_Default.uexp" 862
"C:/Users/Assistant/Documents/GitHub/PhuketBike_UE/PhuketBike/Content/StarterContent/Maps/Minimal_Default.umap" 863
